<?xml version="1.0" encoding="UTF-8"?>
<testsuite xmlns:xsi="http://www.w3.org/2001/XMLSchema-instance" xsi:noNamespaceSchemaLocation="https://maven.apache.org/surefire/maven-surefire-plugin/xsd/surefire-test-report.xsd" name="ExponentialAI.API_Automation.AppTest" time="0.546" tests="1" errors="0" skipped="0" failures="0">
  <properties>
    <property name="sun.desktop" value="gnome"/>
    <property name="awt.toolkit" value="sun.awt.X11.XToolkit"/>
    <property name="java.specification.version" value="11"/>
    <property name="sun.cpu.isalist" value=""/>
    <property name="sun.jnu.encoding" value="UTF-8"/>
    <property name="java.class.path" value="/home/xpms/eclipse-workspace/API_Automation/target/test-classes:/home/xpms/eclipse-workspace/API_Automation/target/classes:/home/xpms/.m2/repository/com/aventstack/extentreports/5.0.6/extentreports-5.0.6.jar:/home/xpms/.m2/repository/io/reactivex/rxjava3/rxjava/3.0.4/rxjava-3.0.4.jar:/home/xpms/.m2/repository/org/reactivestreams/reactive-streams/1.0.3/reactive-streams-1.0.3.jar:/home/xpms/.m2/repository/org/freemarker/freemarker/2.3.30/freemarker-2.3.30.jar:/home/xpms/.m2/repository/org/projectlombok/lombok/1.18.12/lombok-1.18.12.jar:/home/xpms/.m2/repository/org/testng/testng/7.3.0/testng-7.3.0.jar:/home/xpms/.m2/repository/com/beust/jcommander/1.78/jcommander-1.78.jar:/home/xpms/.m2/repository/org/apache/ant/ant/1.10.3/ant-1.10.3.jar:/home/xpms/.m2/repository/org/apache/ant/ant-launcher/1.10.3/ant-launcher-1.10.3.jar:/home/xpms/.m2/repository/junit/junit/4.12/junit-4.12.jar:/home/xpms/.m2/repository/org/hamcrest/hamcrest-core/1.3/hamcrest-core-1.3.jar:/home/xpms/.m2/repository/com/google/inject/guice/4.2.2/guice-4.2.2-no_aop.jar:/home/xpms/.m2/repository/javax/inject/javax.inject/1/javax.inject-1.jar:/home/xpms/.m2/repository/aopalliance/aopalliance/1.0/aopalliance-1.0.jar:/home/xpms/.m2/repository/com/google/guava/guava/25.1-android/guava-25.1-android.jar:/home/xpms/.m2/repository/org/checkerframework/checker-compat-qual/2.0.0/checker-compat-qual-2.0.0.jar:/home/xpms/.m2/repository/com/google/errorprone/error_prone_annotations/2.1.3/error_prone_annotations-2.1.3.jar:/home/xpms/.m2/repository/com/google/j2objc/j2objc-annotations/1.1/j2objc-annotations-1.1.jar:/home/xpms/.m2/repository/org/codehaus/mojo/animal-sniffer-annotations/1.14/animal-sniffer-annotations-1.14.jar:/home/xpms/.m2/repository/io/rest-assured/rest-assured/4.3.3/rest-assured-4.3.3.jar:/home/xpms/.m2/repository/org/codehaus/groovy/groovy/3.0.7/groovy-3.0.7.jar:/home/xpms/.m2/repository/org/codehaus/groovy/groovy-xml/3.0.7/groovy-xml-3.0.7.jar:/home/xpms/.m2/repository/org/apache/httpcomponents/httpclient/4.5.3/httpclient-4.5.3.jar:/home/xpms/.m2/repository/org/apache/httpcomponents/httpcore/4.4.6/httpcore-4.4.6.jar:/home/xpms/.m2/repository/commons-logging/commons-logging/1.2/commons-logging-1.2.jar:/home/xpms/.m2/repository/commons-codec/commons-codec/1.9/commons-codec-1.9.jar:/home/xpms/.m2/repository/org/apache/httpcomponents/httpmime/4.5.3/httpmime-4.5.3.jar:/home/xpms/.m2/repository/org/hamcrest/hamcrest/2.1/hamcrest-2.1.jar:/home/xpms/.m2/repository/org/ccil/cowan/tagsoup/tagsoup/1.2.1/tagsoup-1.2.1.jar:/home/xpms/.m2/repository/io/rest-assured/xml-path/4.3.3/xml-path-4.3.3.jar:/home/xpms/.m2/repository/org/apache/commons/commons-lang3/3.11/commons-lang3-3.11.jar:/home/xpms/.m2/repository/jakarta/xml/bind/jakarta.xml.bind-api/2.3.3/jakarta.xml.bind-api-2.3.3.jar:/home/xpms/.m2/repository/jakarta/activation/jakarta.activation-api/1.2.2/jakarta.activation-api-1.2.2.jar:/home/xpms/.m2/repository/com/sun/xml/bind/jaxb-impl/2.3.3/jaxb-impl-2.3.3.jar:/home/xpms/.m2/repository/io/rest-assured/json-schema-validator/4.3.3/json-schema-validator-4.3.3.jar:/home/xpms/.m2/repository/com/github/java-json-tools/json-schema-validator/2.2.14/json-schema-validator-2.2.14.jar:/home/xpms/.m2/repository/com/github/java-json-tools/jackson-coreutils-equivalence/1.0/jackson-coreutils-equivalence-1.0.jar:/home/xpms/.m2/repository/com/fasterxml/jackson/core/jackson-databind/2.11.0/jackson-databind-2.11.0.jar:/home/xpms/.m2/repository/com/fasterxml/jackson/core/jackson-annotations/2.11.0/jackson-annotations-2.11.0.jar:/home/xpms/.m2/repository/com/fasterxml/jackson/core/jackson-core/2.11.0/jackson-core-2.11.0.jar:/home/xpms/.m2/repository/com/github/java-json-tools/jackson-coreutils/2.0/jackson-coreutils-2.0.jar:/home/xpms/.m2/repository/com/github/java-json-tools/msg-simple/1.2/msg-simple-1.2.jar:/home/xpms/.m2/repository/com/github/java-json-tools/btf/1.3/btf-1.3.jar:/home/xpms/.m2/repository/com/github/java-json-tools/json-schema-core/1.2.14/json-schema-core-1.2.14.jar:/home/xpms/.m2/repository/com/github/java-json-tools/uri-template/0.10/uri-template-0.10.jar:/home/xpms/.m2/repository/org/mozilla/rhino/1.7.7.2/rhino-1.7.7.2.jar:/home/xpms/.m2/repository/com/sun/mail/mailapi/1.6.2/mailapi-1.6.2.jar:/home/xpms/.m2/repository/joda-time/joda-time/2.10.5/joda-time-2.10.5.jar:/home/xpms/.m2/repository/com/googlecode/libphonenumber/libphonenumber/8.11.1/libphonenumber-8.11.1.jar:/home/xpms/.m2/repository/com/google/code/findbugs/jsr305/3.0.2/jsr305-3.0.2.jar:/home/xpms/.m2/repository/net/sf/jopt-simple/jopt-simple/5.0.4/jopt-simple-5.0.4.jar:/home/xpms/.m2/repository/io/rest-assured/json-path/4.3.3/json-path-4.3.3.jar:/home/xpms/.m2/repository/org/codehaus/groovy/groovy-json/3.0.7/groovy-json-3.0.7.jar:/home/xpms/.m2/repository/io/rest-assured/rest-assured-common/4.3.3/rest-assured-common-4.3.3.jar:/home/xpms/.m2/repository/com/google/code/gson/gson/2.8.6/gson-2.8.6.jar:/home/xpms/.m2/repository/org/yaml/snakeyaml/1.27/snakeyaml-1.27.jar:"/>
    <property name="java.vm.vendor" value="Ubuntu"/>
    <property name="sun.arch.data.model" value="64"/>
    <property name="java.vendor.url" value="https://ubuntu.com/"/>
    <property name="user.timezone" value=""/>
    <property name="java.vm.specification.version" value="11"/>
    <property name="os.name" value="Linux"/>
    <property name="sun.java.launcher" value="SUN_STANDARD"/>
    <property name="user.country" value="IN"/>
    <property name="sun.boot.library.path" value="/usr/lib/jvm/java-11-openjdk-amd64/lib"/>
    <property name="sun.java.command" value="/home/xpms/eclipse-workspace/API_Automation/target/surefire/surefirebooter12191058597862903553.jar /home/xpms/eclipse-workspace/API_Automation/target/surefire 2020-12-30T20-04-21_891-jvmRun1 surefire6921427565594756332tmp surefire_08278487818404217514tmp"/>
    <property name="jdk.debug" value="release"/>
    <property name="surefire.test.class.path" value="/home/xpms/eclipse-workspace/API_Automation/target/test-classes:/home/xpms/eclipse-workspace/API_Automation/target/classes:/home/xpms/.m2/repository/com/aventstack/extentreports/5.0.6/extentreports-5.0.6.jar:/home/xpms/.m2/repository/io/reactivex/rxjava3/rxjava/3.0.4/rxjava-3.0.4.jar:/home/xpms/.m2/repository/org/reactivestreams/reactive-streams/1.0.3/reactive-streams-1.0.3.jar:/home/xpms/.m2/repository/org/freemarker/freemarker/2.3.30/freemarker-2.3.30.jar:/home/xpms/.m2/repository/org/projectlombok/lombok/1.18.12/lombok-1.18.12.jar:/home/xpms/.m2/repository/org/testng/testng/7.3.0/testng-7.3.0.jar:/home/xpms/.m2/repository/com/beust/jcommander/1.78/jcommander-1.78.jar:/home/xpms/.m2/repository/org/apache/ant/ant/1.10.3/ant-1.10.3.jar:/home/xpms/.m2/repository/org/apache/ant/ant-launcher/1.10.3/ant-launcher-1.10.3.jar:/home/xpms/.m2/repository/junit/junit/4.12/junit-4.12.jar:/home/xpms/.m2/repository/org/hamcrest/hamcrest-core/1.3/hamcrest-core-1.3.jar:/home/xpms/.m2/repository/com/google/inject/guice/4.2.2/guice-4.2.2-no_aop.jar:/home/xpms/.m2/repository/javax/inject/javax.inject/1/javax.inject-1.jar:/home/xpms/.m2/repository/aopalliance/aopalliance/1.0/aopalliance-1.0.jar:/home/xpms/.m2/repository/com/google/guava/guava/25.1-android/guava-25.1-android.jar:/home/xpms/.m2/repository/org/checkerframework/checker-compat-qual/2.0.0/checker-compat-qual-2.0.0.jar:/home/xpms/.m2/repository/com/google/errorprone/error_prone_annotations/2.1.3/error_prone_annotations-2.1.3.jar:/home/xpms/.m2/repository/com/google/j2objc/j2objc-annotations/1.1/j2objc-annotations-1.1.jar:/home/xpms/.m2/repository/org/codehaus/mojo/animal-sniffer-annotations/1.14/animal-sniffer-annotations-1.14.jar:/home/xpms/.m2/repository/io/rest-assured/rest-assured/4.3.3/rest-assured-4.3.3.jar:/home/xpms/.m2/repository/org/codehaus/groovy/groovy/3.0.7/groovy-3.0.7.jar:/home/xpms/.m2/repository/org/codehaus/groovy/groovy-xml/3.0.7/groovy-xml-3.0.7.jar:/home/xpms/.m2/repository/org/apache/httpcomponents/httpclient/4.5.3/httpclient-4.5.3.jar:/home/xpms/.m2/repository/org/apache/httpcomponents/httpcore/4.4.6/httpcore-4.4.6.jar:/home/xpms/.m2/repository/commons-logging/commons-logging/1.2/commons-logging-1.2.jar:/home/xpms/.m2/repository/commons-codec/commons-codec/1.9/commons-codec-1.9.jar:/home/xpms/.m2/repository/org/apache/httpcomponents/httpmime/4.5.3/httpmime-4.5.3.jar:/home/xpms/.m2/repository/org/hamcrest/hamcrest/2.1/hamcrest-2.1.jar:/home/xpms/.m2/repository/org/ccil/cowan/tagsoup/tagsoup/1.2.1/tagsoup-1.2.1.jar:/home/xpms/.m2/repository/io/rest-assured/xml-path/4.3.3/xml-path-4.3.3.jar:/home/xpms/.m2/repository/org/apache/commons/commons-lang3/3.11/commons-lang3-3.11.jar:/home/xpms/.m2/repository/jakarta/xml/bind/jakarta.xml.bind-api/2.3.3/jakarta.xml.bind-api-2.3.3.jar:/home/xpms/.m2/repository/jakarta/activation/jakarta.activation-api/1.2.2/jakarta.activation-api-1.2.2.jar:/home/xpms/.m2/repository/com/sun/xml/bind/jaxb-impl/2.3.3/jaxb-impl-2.3.3.jar:/home/xpms/.m2/repository/io/rest-assured/json-schema-validator/4.3.3/json-schema-validator-4.3.3.jar:/home/xpms/.m2/repository/com/github/java-json-tools/json-schema-validator/2.2.14/json-schema-validator-2.2.14.jar:/home/xpms/.m2/repository/com/github/java-json-tools/jackson-coreutils-equivalence/1.0/jackson-coreutils-equivalence-1.0.jar:/home/xpms/.m2/repository/com/fasterxml/jackson/core/jackson-databind/2.11.0/jackson-databind-2.11.0.jar:/home/xpms/.m2/repository/com/fasterxml/jackson/core/jackson-annotations/2.11.0/jackson-annotations-2.11.0.jar:/home/xpms/.m2/repository/com/fasterxml/jackson/core/jackson-core/2.11.0/jackson-core-2.11.0.jar:/home/xpms/.m2/repository/com/github/java-json-tools/jackson-coreutils/2.0/jackson-coreutils-2.0.jar:/home/xpms/.m2/repository/com/github/java-json-tools/msg-simple/1.2/msg-simple-1.2.jar:/home/xpms/.m2/repository/com/github/java-json-tools/btf/1.3/btf-1.3.jar:/home/xpms/.m2/repository/com/github/java-json-tools/json-schema-core/1.2.14/json-schema-core-1.2.14.jar:/home/xpms/.m2/repository/com/github/java-json-tools/uri-template/0.10/uri-template-0.10.jar:/home/xpms/.m2/repository/org/mozilla/rhino/1.7.7.2/rhino-1.7.7.2.jar:/home/xpms/.m2/repository/com/sun/mail/mailapi/1.6.2/mailapi-1.6.2.jar:/home/xpms/.m2/repository/joda-time/joda-time/2.10.5/joda-time-2.10.5.jar:/home/xpms/.m2/repository/com/googlecode/libphonenumber/libphonenumber/8.11.1/libphonenumber-8.11.1.jar:/home/xpms/.m2/repository/com/google/code/findbugs/jsr305/3.0.2/jsr305-3.0.2.jar:/home/xpms/.m2/repository/net/sf/jopt-simple/jopt-simple/5.0.4/jopt-simple-5.0.4.jar:/home/xpms/.m2/repository/io/rest-assured/json-path/4.3.3/json-path-4.3.3.jar:/home/xpms/.m2/repository/org/codehaus/groovy/groovy-json/3.0.7/groovy-json-3.0.7.jar:/home/xpms/.m2/repository/io/rest-assured/rest-assured-common/4.3.3/rest-assured-common-4.3.3.jar:/home/xpms/.m2/repository/com/google/code/gson/gson/2.8.6/gson-2.8.6.jar:/home/xpms/.m2/repository/org/yaml/snakeyaml/1.27/snakeyaml-1.27.jar:"/>
    <property name="sun.cpu.endian" value="little"/>
    <property name="user.home" value="/home/xpms"/>
    <property name="user.language" value="en"/>
    <property name="java.specification.vendor" value="Oracle Corporation"/>
    <property name="java.version.date" value="2020-11-04"/>
    <property name="java.home" value="/usr/lib/jvm/java-11-openjdk-amd64"/>
    <property name="file.separator" value="/"/>
    <property name="basedir" value="/home/xpms/eclipse-workspace/API_Automation"/>
    <property name="java.vm.compressedOopsMode" value="Zero based"/>
    <property name="line.separator" value="&#10;"/>
    <property name="java.specification.name" value="Java Platform API Specification"/>
    <property name="java.vm.specification.vendor" value="Oracle Corporation"/>
    <property name="java.awt.graphicsenv" value="sun.awt.X11GraphicsEnvironment"/>
    <property name="surefire.real.class.path" value="/home/xpms/eclipse-workspace/API_Automation/target/surefire/surefirebooter12191058597862903553.jar"/>
    <property name="sun.management.compiler" value="HotSpot 64-Bit Tiered Compilers"/>
    <property name="java.runtime.version" value="11.0.9.1+1-Ubuntu-0ubuntu1.18.04"/>
    <property name="user.name" value="xpms"/>
    <property name="path.separator" value=":"/>
    <property name="os.version" value="5.4.0-58-generic"/>
    <property name="java.runtime.name" value="OpenJDK Runtime Environment"/>
    <property name="file.encoding" value="UTF-8"/>
    <property name="java.vm.name" value="OpenJDK 64-Bit Server VM"/>
    <property name="localRepository" value="/home/xpms/.m2/repository"/>
    <property name="java.vendor.url.bug" value="https://bugs.launchpad.net/ubuntu/+source/openjdk-lts"/>
    <property name="java.io.tmpdir" value="/tmp"/>
    <property name="java.version" value="11.0.9.1"/>
    <property name="user.dir" value="/home/xpms/eclipse-workspace/API_Automation"/>
    <property name="os.arch" value="amd64"/>
    <property name="java.vm.specification.name" value="Java Virtual Machine Specification"/>
    <property name="java.awt.printerjob" value="sun.print.PSPrinterJob"/>
    <property name="sun.os.patch.level" value="unknown"/>
    <property name="java.library.path" value="/usr/java/packages/lib:/usr/lib/x86_64-linux-gnu/jni:/lib/x86_64-linux-gnu:/usr/lib/x86_64-linux-gnu:/usr/lib/jni:/lib:/usr/lib"/>
    <property name="java.vm.info" value="mixed mode, sharing"/>
    <property name="java.vendor" value="Ubuntu"/>
    <property name="java.vm.version" value="11.0.9.1+1-Ubuntu-0ubuntu1.18.04"/>
    <property name="sun.io.unicode.encoding" value="UnicodeLittle"/>
    <property name="java.class.version" value="55.0"/>
  </properties>
  <testcase name="shouldAnswerWithTrue" classname="ExponentialAI.API_Automation.AppTest" time="0.082"/>
</testsuite>