<?xml version="1.0" encoding="UTF-8"?>
<!-- Generated by org.testng.reporters.JUnitReportReporter -->
<testsuite hostname="xpms-ThinkPad-T450" failures="0" tests="1" name="ExponentialAI.API_Automation.AppTest" time="0.081" errors="0" timestamp="2020-12-30T20:04:23 IST" skipped="0">
  <testcase classname="ExponentialAI.API_Automation.AppTest" name="shouldAnswerWithTrue" time="0.081"/>
  <system-out/>
</testsuite> <!-- ExponentialAI.API_Automation.AppTest -->
